<?xml version="1.0" encoding="UTF-8"?>
<testsuite name="AccountTest" tests="3" skipped="0" failures="0" errors="0" timestamp="2018-10-08T12:39:29" hostname="Harrys-MacBook-Pro-3.local" time="0.003">
  <properties/>
  <testcase name="zeroBalanceTest" classname="AccountTest" time="0.001"/>
  <testcase name="depositTest" classname="AccountTest" time="0.0"/>
  <testcase name="withdrawTest" classname="AccountTest" time="0.0"/>
  <system-out><![CDATA[]]></system-out>
  <system-err><![CDATA[]]></system-err>
</testsuite>
