<?xml version="1.0" encoding="UTF-8"?>
<testsuite name="AccountStatementTest" tests="2" skipped="0" failures="0" errors="0" timestamp="2018-10-09T15:11:13" hostname="Harrys-MacBook-Pro-3.local" time="0.027">
  <properties/>
  <testcase name="printStatementFormatsInfoCorrectly" classname="AccountStatementTest" time="0.023"/>
  <testcase name="addTransactionAddsDetails" classname="AccountStatementTest" time="0.003"/>
  <system-out><![CDATA[]]></system-out>
  <system-err><![CDATA[]]></system-err>
</testsuite>
