<?xml version="1.0" encoding="UTF-8"?>
<testsuite name="AccountTest" tests="1" skipped="0" failures="0" errors="0" timestamp="2018-10-08T12:31:18" hostname="Harrys-MacBook-Pro-3.local" time="0.001">
  <properties/>
  <testcase name="zeroBalanceTest" classname="AccountTest" time="0.001"/>
  <system-out><![CDATA[]]></system-out>
  <system-err><![CDATA[]]></system-err>
</testsuite>
