<?xml version="1.0" encoding="UTF-8"?>
<testsuite name="TransactionTest" tests="5" skipped="0" failures="0" errors="0" timestamp="2018-10-09T15:11:13" hostname="Harrys-MacBook-Pro-3.local" time="0.105">
  <properties/>
  <testcase name="hasTheRightDateAndFormat" classname="TransactionTest" time="0.099"/>
  <testcase name="hasTheRightAmountAndFormat" classname="TransactionTest" time="0.0"/>
  <testcase name="addInfoCredit" classname="TransactionTest" time="0.001"/>
  <testcase name="hasTheRightBalanceAndFormat" classname="TransactionTest" time="0.0"/>
  <testcase name="addInfoDebit" classname="TransactionTest" time="0.002"/>
  <system-out><![CDATA[]]></system-out>
  <system-err><![CDATA[]]></system-err>
</testsuite>
